{"/Users/joseluis.gonzalez/Documents/dev/cops/cop-module-federation/src/App.js": {"path":"/Users/joseluis.gonzalez/Documents/dev/cops/cop-module-federation/src/App.js","statementMap":{"0":{"start":{"line":11,"column":12},"end":{"line":29,"column":1}},"1":{"start":{"line":12,"column":4},"end":{"line":28,"column":5}},"2":{"start":{"line":20,"column":28},"end":{"line":22,"column":36}}},"fnMap":{"0":{"name":"(anonymous_0)","decl":{"start":{"line":11,"column":12},"end":{"line":11,"column":13}},"loc":{"start":{"line":11,"column":18},"end":{"line":29,"column":1}},"line":11},"1":{"name":"(anonymous_1)","decl":{"start":{"line":19,"column":37},"end":{"line":19,"column":38}},"loc":{"start":{"line":20,"column":28},"end":{"line":22,"column":36}},"line":20}},"branchMap":{},"s":{"0":1,"1":1,"2":2},"f":{"0":1,"1":2},"b":{},"_coverageSchema":"1a1c01bbd47fc00a2c39e90264f33305004495a9","hash":"16c0686bf36a4f74312e1142aea153daffa24088"}
,"/Users/joseluis.gonzalez/Documents/dev/cops/cop-module-federation/src/apiConfig.js": {"path":"/Users/joseluis.gonzalez/Documents/dev/cops/cop-module-federation/src/apiConfig.js","statementMap":{},"fnMap":{},"branchMap":{},"s":{},"f":{},"b":{},"_coverageSchema":"1a1c01bbd47fc00a2c39e90264f33305004495a9","hash":"92a2d97235a8a78472bbcb901850121063676a40"}
,"/Users/joseluis.gonzalez/Documents/dev/cops/cop-module-federation/src/routes.js": {"path":"/Users/joseluis.gonzalez/Documents/dev/cops/cop-module-federation/src/routes.js","statementMap":{"0":{"start":{"line":4,"column":33},"end":{"line":4,"column":72}},"1":{"start":{"line":4,"column":50},"end":{"line":4,"column":72}}},"fnMap":{"0":{"name":"(anonymous_0)","decl":{"start":{"line":4,"column":33},"end":{"line":4,"column":34}},"loc":{"start":{"line":4,"column":50},"end":{"line":4,"column":72}},"line":4}},"branchMap":{},"s":{"0":3,"1":0},"f":{"0":0},"b":{},"_coverageSchema":"1a1c01bbd47fc00a2c39e90264f33305004495a9","hash":"68ba09a2b1921614b0692c9be442c891d9a629f5"}
,"/Users/joseluis.gonzalez/Documents/dev/cops/cop-module-federation/src/components/GlobalContext.js": {"path":"/Users/joseluis.gonzalez/Documents/dev/cops/cop-module-federation/src/components/GlobalContext.js","statementMap":{"0":{"start":{"line":3,"column":29},"end":{"line":7,"column":1}},"1":{"start":{"line":9,"column":18},"end":{"line":40,"column":1}},"2":{"start":{"line":10,"column":25},"end":{"line":14,"column":5}},"3":{"start":{"line":16,"column":4},"end":{"line":39,"column":21}},"4":{"start":{"line":17,"column":8},"end":{"line":38,"column":9}},"5":{"start":{"line":19,"column":12},"end":{"line":23,"column":13}},"6":{"start":{"line":25,"column":12},"end":{"line":29,"column":13}},"7":{"start":{"line":31,"column":12},"end":{"line":35,"column":13}},"8":{"start":{"line":37,"column":12},"end":{"line":37,"column":24}},"9":{"start":{"line":42,"column":22},"end":{"line":42,"column":37}},"10":{"start":{"line":43,"column":28},"end":{"line":43,"column":43}},"11":{"start":{"line":45,"column":32},"end":{"line":47,"column":1}},"12":{"start":{"line":46,"column":4},"end":{"line":46,"column":38}},"13":{"start":{"line":49,"column":38},"end":{"line":51,"column":1}},"14":{"start":{"line":50,"column":4},"end":{"line":50,"column":44}},"15":{"start":{"line":53,"column":30},"end":{"line":63,"column":1}},"16":{"start":{"line":54,"column":30},"end":{"line":54,"column":41}},"17":{"start":{"line":56,"column":4},"end":{"line":62,"column":5}}},"fnMap":{"0":{"name":"(anonymous_0)","decl":{"start":{"line":9,"column":18},"end":{"line":9,"column":19}},"loc":{"start":{"line":9,"column":24},"end":{"line":40,"column":1}},"line":9},"1":{"name":"(anonymous_1)","decl":{"start":{"line":16,"column":23},"end":{"line":16,"column":24}},"loc":{"start":{"line":16,"column":44},"end":{"line":39,"column":5}},"line":16},"2":{"name":"(anonymous_2)","decl":{"start":{"line":45,"column":32},"end":{"line":45,"column":33}},"loc":{"start":{"line":45,"column":38},"end":{"line":47,"column":1}},"line":45},"3":{"name":"(anonymous_3)","decl":{"start":{"line":49,"column":38},"end":{"line":49,"column":39}},"loc":{"start":{"line":49,"column":44},"end":{"line":51,"column":1}},"line":49},"4":{"name":"(anonymous_4)","decl":{"start":{"line":53,"column":30},"end":{"line":53,"column":31}},"loc":{"start":{"line":53,"column":50},"end":{"line":63,"column":1}},"line":53}},"branchMap":{"0":{"loc":{"start":{"line":17,"column":8},"end":{"line":38,"column":9}},"type":"switch","locations":[{"start":{"line":18,"column":8},"end":{"line":23,"column":13}},{"start":{"line":24,"column":8},"end":{"line":29,"column":13}},{"start":{"line":30,"column":8},"end":{"line":35,"column":13}},{"start":{"line":36,"column":8},"end":{"line":37,"column":24}}],"line":17}},"s":{"0":7,"1":7,"2":10,"3":10,"4":6,"5":6,"6":0,"7":0,"8":0,"9":7,"10":7,"11":7,"12":21,"13":7,"14":13,"15":7,"16":10,"17":10},"f":{"0":10,"1":6,"2":21,"3":13,"4":10},"b":{"0":[6,0,0,0]},"_coverageSchema":"1a1c01bbd47fc00a2c39e90264f33305004495a9","hash":"c12e91e9c9182b22bab672a7b1d1ad433621d0df"}
,"/Users/joseluis.gonzalez/Documents/dev/cops/cop-module-federation/src/components/ColorSelector/ColorSelector.js": {"path":"/Users/joseluis.gonzalez/Documents/dev/cops/cop-module-federation/src/components/ColorSelector/ColorSelector.js","statementMap":{"0":{"start":{"line":5,"column":22},"end":{"line":37,"column":1}},"1":{"start":{"line":6,"column":4},"end":{"line":10,"column":24}},"2":{"start":{"line":7,"column":8},"end":{"line":9,"column":9}},"3":{"start":{"line":8,"column":12},"end":{"line":8,"column":33}},"4":{"start":{"line":12,"column":24},"end":{"line":15,"column":5}},"5":{"start":{"line":13,"column":8},"end":{"line":13,"column":39}},"6":{"start":{"line":13,"column":19},"end":{"line":13,"column":37}},"7":{"start":{"line":14,"column":8},"end":{"line":14,"column":25}},"8":{"start":{"line":17,"column":21},"end":{"line":22,"column":5}},"9":{"start":{"line":18,"column":8},"end":{"line":21,"column":11}},"10":{"start":{"line":24,"column":4},"end":{"line":36,"column":5}},"11":{"start":{"line":27,"column":16},"end":{"line":33,"column":21}},"12":{"start":{"line":30,"column":39},"end":{"line":30,"column":58}}},"fnMap":{"0":{"name":"(anonymous_0)","decl":{"start":{"line":5,"column":22},"end":{"line":5,"column":23}},"loc":{"start":{"line":5,"column":60},"end":{"line":37,"column":1}},"line":5},"1":{"name":"(anonymous_1)","decl":{"start":{"line":6,"column":15},"end":{"line":6,"column":16}},"loc":{"start":{"line":6,"column":21},"end":{"line":10,"column":5}},"line":6},"2":{"name":"(anonymous_2)","decl":{"start":{"line":12,"column":24},"end":{"line":12,"column":25}},"loc":{"start":{"line":12,"column":40},"end":{"line":15,"column":5}},"line":12},"3":{"name":"(anonymous_3)","decl":{"start":{"line":17,"column":21},"end":{"line":17,"column":22}},"loc":{"start":{"line":17,"column":34},"end":{"line":22,"column":5}},"line":17},"4":{"name":"(anonymous_4)","decl":{"start":{"line":26,"column":25},"end":{"line":26,"column":26}},"loc":{"start":{"line":27,"column":16},"end":{"line":33,"column":21}},"line":27},"5":{"name":"(anonymous_5)","decl":{"start":{"line":30,"column":34},"end":{"line":30,"column":35}},"loc":{"start":{"line":30,"column":39},"end":{"line":30,"column":58}},"line":30}},"branchMap":{"0":{"loc":{"start":{"line":7,"column":8},"end":{"line":9,"column":9}},"type":"if","locations":[{"start":{"line":7,"column":8},"end":{"line":9,"column":9}},{"start":{},"end":{}}],"line":7},"1":{"loc":{"start":{"line":13,"column":8},"end":{"line":13,"column":39}},"type":"if","locations":[{"start":{"line":13,"column":8},"end":{"line":13,"column":39}},{"start":{},"end":{}}],"line":13},"2":{"loc":{"start":{"line":27,"column":47},"end":{"line":27,"column":84}},"type":"cond-expr","locations":[{"start":{"line":27,"column":69},"end":{"line":27,"column":79}},{"start":{"line":27,"column":82},"end":{"line":27,"column":84}}],"line":27}},"s":{"0":5,"1":3,"2":3,"3":2,"4":3,"5":1,"6":1,"7":1,"8":3,"9":3,"10":3,"11":4,"12":1},"f":{"0":3,"1":3,"2":1,"3":3,"4":4,"5":1},"b":{"0":[2,1],"1":[1,0],"2":[0,4]},"_coverageSchema":"1a1c01bbd47fc00a2c39e90264f33305004495a9","hash":"c45a2cec45a8b991da2fb0243d64c32034ba8e70"}
,"/Users/joseluis.gonzalez/Documents/dev/cops/cop-module-federation/src/components/Header/Header.js": {"path":"/Users/joseluis.gonzalez/Documents/dev/cops/cop-module-federation/src/components/Header/Header.js","statementMap":{"0":{"start":{"line":6,"column":15},"end":{"line":18,"column":1}},"1":{"start":{"line":7,"column":4},"end":{"line":17,"column":5}}},"fnMap":{"0":{"name":"(anonymous_0)","decl":{"start":{"line":6,"column":15},"end":{"line":6,"column":16}},"loc":{"start":{"line":6,"column":21},"end":{"line":18,"column":1}},"line":6}},"branchMap":{},"s":{"0":2,"1":2},"f":{"0":2},"b":{},"_coverageSchema":"1a1c01bbd47fc00a2c39e90264f33305004495a9","hash":"e6d5d9a4cc7bb4a1246863ec380028aee3f5dd6b"}
,"/Users/joseluis.gonzalez/Documents/dev/cops/cop-module-federation/src/components/Header/Breadcrumbs/Breadcrumbs.js": {"path":"/Users/joseluis.gonzalez/Documents/dev/cops/cop-module-federation/src/components/Header/Breadcrumbs/Breadcrumbs.js","statementMap":{"0":{"start":{"line":8,"column":20},"end":{"line":46,"column":1}},"1":{"start":{"line":9,"column":24},"end":{"line":9,"column":42}},"2":{"start":{"line":10,"column":24},"end":{"line":10,"column":48}},"3":{"start":{"line":11,"column":60},"end":{"line":11,"column":74}},"4":{"start":{"line":13,"column":4},"end":{"line":28,"column":38}},"5":{"start":{"line":14,"column":8},"end":{"line":27,"column":13}},"6":{"start":{"line":15,"column":32},"end":{"line":15,"column":42}},"7":{"start":{"line":16,"column":12},"end":{"line":21,"column":13}},"8":{"start":{"line":17,"column":16},"end":{"line":17,"column":34}},"9":{"start":{"line":18,"column":16},"end":{"line":20,"column":17}},"10":{"start":{"line":19,"column":20},"end":{"line":19,"column":63}},"11":{"start":{"line":23,"column":12},"end":{"line":26,"column":13}},"12":{"start":{"line":30,"column":4},"end":{"line":45,"column":5}},"13":{"start":{"line":34,"column":20},"end":{"line":40,"column":34}}},"fnMap":{"0":{"name":"(anonymous_0)","decl":{"start":{"line":8,"column":20},"end":{"line":8,"column":21}},"loc":{"start":{"line":8,"column":26},"end":{"line":46,"column":1}},"line":8},"1":{"name":"(anonymous_1)","decl":{"start":{"line":13,"column":15},"end":{"line":13,"column":16}},"loc":{"start":{"line":13,"column":21},"end":{"line":28,"column":5}},"line":13},"2":{"name":"(anonymous_2)","decl":{"start":{"line":14,"column":50},"end":{"line":14,"column":51}},"loc":{"start":{"line":14,"column":79},"end":{"line":27,"column":9}},"line":14},"3":{"name":"(anonymous_3)","decl":{"start":{"line":33,"column":44},"end":{"line":33,"column":45}},"loc":{"start":{"line":33,"column":67},"end":{"line":41,"column":17}},"line":33}},"branchMap":{"0":{"loc":{"start":{"line":16,"column":12},"end":{"line":21,"column":13}},"type":"if","locations":[{"start":{"line":16,"column":12},"end":{"line":21,"column":13}},{"start":{},"end":{}}],"line":16},"1":{"loc":{"start":{"line":18,"column":16},"end":{"line":20,"column":17}},"type":"if","locations":[{"start":{"line":18,"column":16},"end":{"line":20,"column":17}},{"start":{},"end":{}}],"line":18},"2":{"loc":{"start":{"line":18,"column":21},"end":{"line":18,"column":69}},"type":"binary-expr","locations":[{"start":{"line":18,"column":21},"end":{"line":18,"column":28}},{"start":{"line":18,"column":32},"end":{"line":18,"column":69}}],"line":18},"3":{"loc":{"start":{"line":32,"column":13},"end":{"line":42,"column":20}},"type":"cond-expr","locations":[{"start":{"line":33,"column":18},"end":{"line":41,"column":19}},{"start":{"line":42,"column":18},"end":{"line":42,"column":20}}],"line":32},"4":{"loc":{"start":{"line":34,"column":27},"end":{"line":40,"column":34}},"type":"cond-expr","locations":[{"start":{"line":35,"column":26},"end":{"line":37,"column":31}},{"start":{"line":38,"column":26},"end":{"line":40,"column":34}}],"line":34}},"s":{"0":3,"1":8,"2":8,"3":8,"4":8,"5":3,"6":3,"7":3,"8":0,"9":0,"10":0,"11":3,"12":8,"13":5},"f":{"0":8,"1":3,"2":3,"3":5},"b":{"0":[0,3],"1":[0,0],"2":[0,0],"3":[8,0],"4":[5,0]},"_coverageSchema":"1a1c01bbd47fc00a2c39e90264f33305004495a9","hash":"4892cd47944a48c574a01f2b6e800763956a8518"}
,"/Users/joseluis.gonzalez/Documents/dev/cops/cop-module-federation/src/components/Header/Cart/Cart.js": {"path":"/Users/joseluis.gonzalez/Documents/dev/cops/cop-module-federation/src/components/Header/Cart/Cart.js","statementMap":{"0":{"start":{"line":7,"column":13},"end":{"line":28,"column":1}},"1":{"start":{"line":8,"column":21},"end":{"line":8,"column":39}},"2":{"start":{"line":9,"column":32},"end":{"line":9,"column":56}},"3":{"start":{"line":11,"column":4},"end":{"line":20,"column":11}},"4":{"start":{"line":12,"column":8},"end":{"line":19,"column":13}},"5":{"start":{"line":13,"column":12},"end":{"line":18,"column":15}},"6":{"start":{"line":22,"column":4},"end":{"line":27,"column":5}},"7":{"start":{"line":23,"column":52},"end":{"line":23,"column":70}}},"fnMap":{"0":{"name":"(anonymous_0)","decl":{"start":{"line":7,"column":13},"end":{"line":7,"column":14}},"loc":{"start":{"line":7,"column":19},"end":{"line":28,"column":1}},"line":7},"1":{"name":"(anonymous_1)","decl":{"start":{"line":11,"column":15},"end":{"line":11,"column":16}},"loc":{"start":{"line":11,"column":21},"end":{"line":20,"column":5}},"line":11},"2":{"name":"(anonymous_2)","decl":{"start":{"line":12,"column":10},"end":{"line":12,"column":11}},"loc":{"start":{"line":12,"column":22},"end":{"line":19,"column":9}},"line":12},"3":{"name":"(anonymous_3)","decl":{"start":{"line":23,"column":43},"end":{"line":23,"column":44}},"loc":{"start":{"line":23,"column":52},"end":{"line":23,"column":70}},"line":23}},"branchMap":{},"s":{"0":3,"1":6,"2":6,"3":6,"4":3,"5":3,"6":6,"7":0},"f":{"0":6,"1":3,"2":3,"3":0},"b":{},"_coverageSchema":"1a1c01bbd47fc00a2c39e90264f33305004495a9","hash":"9d7af17015bc67d5e7118a0e7d0712e8fbc2368b"}
,"/Users/joseluis.gonzalez/Documents/dev/cops/cop-module-federation/src/components/Header/Logo/Logo.js": {"path":"/Users/joseluis.gonzalez/Documents/dev/cops/cop-module-federation/src/components/Header/Logo/Logo.js","statementMap":{"0":{"start":{"line":5,"column":13},"end":{"line":16,"column":1}},"1":{"start":{"line":6,"column":4},"end":{"line":15,"column":5}}},"fnMap":{"0":{"name":"(anonymous_0)","decl":{"start":{"line":5,"column":13},"end":{"line":5,"column":14}},"loc":{"start":{"line":5,"column":19},"end":{"line":16,"column":1}},"line":5}},"branchMap":{},"s":{"0":3,"1":3},"f":{"0":3},"b":{},"_coverageSchema":"1a1c01bbd47fc00a2c39e90264f33305004495a9","hash":"77c33cded8f21565fd50a9fb3fd2df2922f176e3"}
,"/Users/joseluis.gonzalez/Documents/dev/cops/cop-module-federation/src/components/Item/Item.js": {"path":"/Users/joseluis.gonzalez/Documents/dev/cops/cop-module-federation/src/components/Item/Item.js","statementMap":{"0":{"start":{"line":5,"column":13},"end":{"line":20,"column":1}},"1":{"start":{"line":6,"column":4},"end":{"line":19,"column":5}}},"fnMap":{"0":{"name":"(anonymous_0)","decl":{"start":{"line":5,"column":13},"end":{"line":5,"column":14}},"loc":{"start":{"line":5,"column":32},"end":{"line":20,"column":1}},"line":5}},"branchMap":{},"s":{"0":5,"1":1},"f":{"0":1},"b":{},"_coverageSchema":"1a1c01bbd47fc00a2c39e90264f33305004495a9","hash":"b0a9f04424e8adf9456f35c2c7faba7c9586ae74"}
,"/Users/joseluis.gonzalez/Documents/dev/cops/cop-module-federation/src/components/Loader/Loader.js": {"path":"/Users/joseluis.gonzalez/Documents/dev/cops/cop-module-federation/src/components/Loader/Loader.js","statementMap":{"0":{"start":{"line":4,"column":15},"end":{"line":8,"column":1}},"1":{"start":{"line":5,"column":4},"end":{"line":7,"column":5}}},"fnMap":{"0":{"name":"(anonymous_0)","decl":{"start":{"line":4,"column":15},"end":{"line":4,"column":16}},"loc":{"start":{"line":4,"column":21},"end":{"line":8,"column":1}},"line":4}},"branchMap":{},"s":{"0":5,"1":7},"f":{"0":7},"b":{},"_coverageSchema":"1a1c01bbd47fc00a2c39e90264f33305004495a9","hash":"aa9e22e3ccffd822a3775fb11a3eaee3715e363f"}
,"/Users/joseluis.gonzalez/Documents/dev/cops/cop-module-federation/src/components/Price/Price.js": {"path":"/Users/joseluis.gonzalez/Documents/dev/cops/cop-module-federation/src/components/Price/Price.js","statementMap":{"0":{"start":{"line":4,"column":14},"end":{"line":11,"column":1}},"1":{"start":{"line":5,"column":4},"end":{"line":10,"column":5}}},"fnMap":{"0":{"name":"(anonymous_0)","decl":{"start":{"line":4,"column":14},"end":{"line":4,"column":15}},"loc":{"start":{"line":4,"column":31},"end":{"line":11,"column":1}},"line":4}},"branchMap":{"0":{"loc":{"start":{"line":8,"column":13},"end":{"line":8,"column":50}},"type":"cond-expr","locations":[{"start":{"line":8,"column":21},"end":{"line":8,"column":32}},{"start":{"line":8,"column":35},"end":{"line":8,"column":50}}],"line":8}},"s":{"0":7,"1":2},"f":{"0":2},"b":{"0":[2,0]},"_coverageSchema":"1a1c01bbd47fc00a2c39e90264f33305004495a9","hash":"f6974e63c05a4cd4044dbb6e722416500ca61918"}
,"/Users/joseluis.gonzalez/Documents/dev/cops/cop-module-federation/src/components/Search/Search.js": {"path":"/Users/joseluis.gonzalez/Documents/dev/cops/cop-module-federation/src/components/Search/Search.js","statementMap":{"0":{"start":{"line":3,"column":15},"end":{"line":9,"column":1}},"1":{"start":{"line":4,"column":4},"end":{"line":8,"column":5}},"2":{"start":{"line":6,"column":72},"end":{"line":6,"column":102}}},"fnMap":{"0":{"name":"(anonymous_0)","decl":{"start":{"line":3,"column":15},"end":{"line":3,"column":16}},"loc":{"start":{"line":3,"column":39},"end":{"line":9,"column":1}},"line":3},"1":{"name":"(anonymous_1)","decl":{"start":{"line":6,"column":63},"end":{"line":6,"column":64}},"loc":{"start":{"line":6,"column":72},"end":{"line":6,"column":102}},"line":6}},"branchMap":{},"s":{"0":5,"1":2,"2":1},"f":{"0":2,"1":1},"b":{},"_coverageSchema":"1a1c01bbd47fc00a2c39e90264f33305004495a9","hash":"b6ba2f5d9d0453f28b8ce7326d618bd3ba5b1346"}
,"/Users/joseluis.gonzalez/Documents/dev/cops/cop-module-federation/src/components/StorageSelector/StorageSelector.js": {"path":"/Users/joseluis.gonzalez/Documents/dev/cops/cop-module-federation/src/components/StorageSelector/StorageSelector.js","statementMap":{"0":{"start":{"line":5,"column":24},"end":{"line":37,"column":1}},"1":{"start":{"line":6,"column":4},"end":{"line":10,"column":26}},"2":{"start":{"line":7,"column":8},"end":{"line":9,"column":9}},"3":{"start":{"line":8,"column":12},"end":{"line":8,"column":37}},"4":{"start":{"line":12,"column":24},"end":{"line":15,"column":5}},"5":{"start":{"line":13,"column":8},"end":{"line":13,"column":39}},"6":{"start":{"line":13,"column":19},"end":{"line":13,"column":37}},"7":{"start":{"line":14,"column":8},"end":{"line":14,"column":29}},"8":{"start":{"line":17,"column":23},"end":{"line":22,"column":5}},"9":{"start":{"line":18,"column":8},"end":{"line":21,"column":11}},"10":{"start":{"line":24,"column":4},"end":{"line":36,"column":5}},"11":{"start":{"line":27,"column":16},"end":{"line":33,"column":21}},"12":{"start":{"line":29,"column":39},"end":{"line":29,"column":58}}},"fnMap":{"0":{"name":"(anonymous_0)","decl":{"start":{"line":5,"column":24},"end":{"line":5,"column":25}},"loc":{"start":{"line":5,"column":64},"end":{"line":37,"column":1}},"line":5},"1":{"name":"(anonymous_1)","decl":{"start":{"line":6,"column":15},"end":{"line":6,"column":16}},"loc":{"start":{"line":6,"column":21},"end":{"line":10,"column":5}},"line":6},"2":{"name":"(anonymous_2)","decl":{"start":{"line":12,"column":24},"end":{"line":12,"column":25}},"loc":{"start":{"line":12,"column":42},"end":{"line":15,"column":5}},"line":12},"3":{"name":"(anonymous_3)","decl":{"start":{"line":17,"column":23},"end":{"line":17,"column":24}},"loc":{"start":{"line":17,"column":41},"end":{"line":22,"column":5}},"line":17},"4":{"name":"(anonymous_4)","decl":{"start":{"line":26,"column":27},"end":{"line":26,"column":28}},"loc":{"start":{"line":27,"column":16},"end":{"line":33,"column":21}},"line":27},"5":{"name":"(anonymous_5)","decl":{"start":{"line":29,"column":34},"end":{"line":29,"column":35}},"loc":{"start":{"line":29,"column":39},"end":{"line":29,"column":58}},"line":29}},"branchMap":{"0":{"loc":{"start":{"line":7,"column":8},"end":{"line":9,"column":9}},"type":"if","locations":[{"start":{"line":7,"column":8},"end":{"line":9,"column":9}},{"start":{},"end":{}}],"line":7},"1":{"loc":{"start":{"line":13,"column":8},"end":{"line":13,"column":39}},"type":"if","locations":[{"start":{"line":13,"column":8},"end":{"line":13,"column":39}},{"start":{},"end":{}}],"line":13},"2":{"loc":{"start":{"line":27,"column":47},"end":{"line":27,"column":84}},"type":"cond-expr","locations":[{"start":{"line":27,"column":69},"end":{"line":27,"column":79}},{"start":{"line":27,"column":82},"end":{"line":27,"column":84}}],"line":27}},"s":{"0":5,"1":3,"2":3,"3":2,"4":3,"5":1,"6":1,"7":1,"8":3,"9":3,"10":3,"11":4,"12":1},"f":{"0":3,"1":3,"2":1,"3":3,"4":4,"5":1},"b":{"0":[2,1],"1":[1,0],"2":[0,4]},"_coverageSchema":"1a1c01bbd47fc00a2c39e90264f33305004495a9","hash":"66b5978a268eb8ad34f45e7ba594f9cacc4c47b1"}
,"/Users/joseluis.gonzalez/Documents/dev/cops/cop-module-federation/src/hooks/useProductOptions.js": {"path":"/Users/joseluis.gonzalez/Documents/dev/cops/cop-module-federation/src/hooks/useProductOptions.js","statementMap":{"0":{"start":{"line":3,"column":23},"end":{"line":7,"column":1}},"1":{"start":{"line":9,"column":33},"end":{"line":40,"column":1}},"2":{"start":{"line":10,"column":25},"end":{"line":14,"column":5}},"3":{"start":{"line":16,"column":4},"end":{"line":39,"column":21}},"4":{"start":{"line":17,"column":8},"end":{"line":38,"column":9}},"5":{"start":{"line":19,"column":12},"end":{"line":23,"column":13}},"6":{"start":{"line":25,"column":12},"end":{"line":29,"column":13}},"7":{"start":{"line":31,"column":12},"end":{"line":35,"column":13}},"8":{"start":{"line":37,"column":12},"end":{"line":37,"column":24}}},"fnMap":{"0":{"name":"(anonymous_0)","decl":{"start":{"line":9,"column":33},"end":{"line":9,"column":34}},"loc":{"start":{"line":9,"column":39},"end":{"line":40,"column":1}},"line":9},"1":{"name":"(anonymous_1)","decl":{"start":{"line":16,"column":23},"end":{"line":16,"column":24}},"loc":{"start":{"line":16,"column":44},"end":{"line":39,"column":5}},"line":16}},"branchMap":{"0":{"loc":{"start":{"line":17,"column":8},"end":{"line":38,"column":9}},"type":"switch","locations":[{"start":{"line":18,"column":8},"end":{"line":23,"column":13}},{"start":{"line":24,"column":8},"end":{"line":29,"column":13}},{"start":{"line":30,"column":8},"end":{"line":35,"column":13}},{"start":{"line":36,"column":8},"end":{"line":37,"column":24}}],"line":17}},"s":{"0":6,"1":6,"2":2,"3":2,"4":2,"5":2,"6":0,"7":0,"8":0},"f":{"0":2,"1":2},"b":{"0":[2,0,0,0]},"_coverageSchema":"1a1c01bbd47fc00a2c39e90264f33305004495a9","hash":"a5183caa66514fcb71409a55a7a745cc9ecd16e1"}
,"/Users/joseluis.gonzalez/Documents/dev/cops/cop-module-federation/src/middlewares/dataController.js": {"path":"/Users/joseluis.gonzalez/Documents/dev/cops/cop-module-federation/src/middlewares/dataController.js","statementMap":{"0":{"start":{"line":5,"column":13},"end":{"line":9,"column":1}},"1":{"start":{"line":11,"column":20},"end":{"line":24,"column":1}},"2":{"start":{"line":12,"column":19},"end":{"line":12,"column":75}},"3":{"start":{"line":13,"column":4},"end":{"line":22,"column":5}},"4":{"start":{"line":14,"column":8},"end":{"line":14,"column":57}},"5":{"start":{"line":15,"column":8},"end":{"line":20,"column":9}},"6":{"start":{"line":16,"column":12},"end":{"line":16,"column":55}},"7":{"start":{"line":18,"column":12},"end":{"line":18,"column":71}},"8":{"start":{"line":19,"column":12},"end":{"line":19,"column":23}},"9":{"start":{"line":21,"column":8},"end":{"line":21,"column":66}},"10":{"start":{"line":23,"column":4},"end":{"line":23,"column":19}},"11":{"start":{"line":26,"column":23},"end":{"line":39,"column":1}},"12":{"start":{"line":27,"column":18},"end":{"line":27,"column":67}},"13":{"start":{"line":28,"column":4},"end":{"line":37,"column":5}},"14":{"start":{"line":29,"column":8},"end":{"line":29,"column":62}},"15":{"start":{"line":30,"column":8},"end":{"line":35,"column":9}},"16":{"start":{"line":31,"column":12},"end":{"line":31,"column":61}},"17":{"start":{"line":33,"column":12},"end":{"line":33,"column":76}},"18":{"start":{"line":34,"column":12},"end":{"line":34,"column":23}},"19":{"start":{"line":36,"column":8},"end":{"line":36,"column":64}},"20":{"start":{"line":38,"column":4},"end":{"line":38,"column":18}},"21":{"start":{"line":41,"column":18},"end":{"line":49,"column":1}},"22":{"start":{"line":42,"column":4},"end":{"line":47,"column":5}},"23":{"start":{"line":43,"column":25},"end":{"line":43,"column":71}},"24":{"start":{"line":44,"column":8},"end":{"line":44,"column":81}},"25":{"start":{"line":46,"column":8},"end":{"line":46,"column":72}},"26":{"start":{"line":48,"column":4},"end":{"line":48,"column":20}},"27":{"start":{"line":51,"column":16},"end":{"line":53,"column":1}},"28":{"start":{"line":52,"column":4},"end":{"line":52,"column":63}}},"fnMap":{"0":{"name":"(anonymous_0)","decl":{"start":{"line":11,"column":20},"end":{"line":11,"column":21}},"loc":{"start":{"line":11,"column":32},"end":{"line":24,"column":1}},"line":11},"1":{"name":"(anonymous_1)","decl":{"start":{"line":26,"column":23},"end":{"line":26,"column":24}},"loc":{"start":{"line":26,"column":39},"end":{"line":39,"column":1}},"line":26},"2":{"name":"(anonymous_2)","decl":{"start":{"line":41,"column":18},"end":{"line":41,"column":19}},"loc":{"start":{"line":41,"column":39},"end":{"line":49,"column":1}},"line":41},"3":{"name":"(anonymous_3)","decl":{"start":{"line":51,"column":16},"end":{"line":51,"column":17}},"loc":{"start":{"line":51,"column":22},"end":{"line":53,"column":1}},"line":51}},"branchMap":{"0":{"loc":{"start":{"line":12,"column":19},"end":{"line":12,"column":75}},"type":"binary-expr","locations":[{"start":{"line":12,"column":19},"end":{"line":12,"column":69}},{"start":{"line":12,"column":73},"end":{"line":12,"column":75}}],"line":12},"1":{"loc":{"start":{"line":13,"column":4},"end":{"line":22,"column":5}},"type":"if","locations":[{"start":{"line":13,"column":4},"end":{"line":22,"column":5}},{"start":{},"end":{}}],"line":13},"2":{"loc":{"start":{"line":28,"column":4},"end":{"line":37,"column":5}},"type":"if","locations":[{"start":{"line":28,"column":4},"end":{"line":37,"column":5}},{"start":{},"end":{}}],"line":28},"3":{"loc":{"start":{"line":28,"column":9},"end":{"line":28,"column":38}},"type":"binary-expr","locations":[{"start":{"line":28,"column":9},"end":{"line":28,"column":17}},{"start":{"line":28,"column":21},"end":{"line":28,"column":38}}],"line":28},"4":{"loc":{"start":{"line":52,"column":11},"end":{"line":52,"column":63}},"type":"binary-expr","locations":[{"start":{"line":52,"column":11},"end":{"line":52,"column":58}},{"start":{"line":52,"column":62},"end":{"line":52,"column":63}}],"line":52}},"s":{"0":6,"1":6,"2":2,"3":2,"4":2,"5":2,"6":2,"7":0,"8":0,"9":0,"10":0,"11":6,"12":0,"13":0,"14":0,"15":0,"16":0,"17":0,"18":0,"19":0,"20":0,"21":6,"22":0,"23":0,"24":0,"25":0,"26":0,"27":6,"28":3},"f":{"0":2,"1":0,"2":0,"3":3},"b":{"0":[2,2],"1":[2,0],"2":[0,0],"3":[0,0],"4":[3,3]},"_coverageSchema":"1a1c01bbd47fc00a2c39e90264f33305004495a9","hash":"1867593e25c03c0138a35669c5e3eb7ea7f4d3ec"}
,"/Users/joseluis.gonzalez/Documents/dev/cops/cop-module-federation/src/middlewares/services/axiosService.js": {"path":"/Users/joseluis.gonzalez/Documents/dev/cops/cop-module-federation/src/middlewares/services/axiosService.js","statementMap":{"0":{"start":{"line":6,"column":20},"end":{"line":6,"column":119}},"1":{"start":{"line":7,"column":8},"end":{"line":7,"column":29}},"2":{"start":{"line":10,"column":20},"end":{"line":10,"column":104}},"3":{"start":{"line":11,"column":8},"end":{"line":11,"column":29}},"4":{"start":{"line":14,"column":20},"end":{"line":14,"column":112}},"5":{"start":{"line":15,"column":8},"end":{"line":15,"column":29}}},"fnMap":{"0":{"name":"(anonymous_0)","decl":{"start":{"line":5,"column":22},"end":{"line":5,"column":23}},"loc":{"start":{"line":5,"column":43},"end":{"line":8,"column":5}},"line":5},"1":{"name":"(anonymous_1)","decl":{"start":{"line":9,"column":17},"end":{"line":9,"column":18}},"loc":{"start":{"line":9,"column":29},"end":{"line":12,"column":5}},"line":9},"2":{"name":"(anonymous_2)","decl":{"start":{"line":13,"column":20},"end":{"line":13,"column":21}},"loc":{"start":{"line":13,"column":36},"end":{"line":16,"column":5}},"line":13}},"branchMap":{"0":{"loc":{"start":{"line":7,"column":15},"end":{"line":7,"column":29}},"type":"binary-expr","locations":[{"start":{"line":7,"column":15},"end":{"line":7,"column":23}},{"start":{"line":7,"column":27},"end":{"line":7,"column":29}}],"line":7},"1":{"loc":{"start":{"line":11,"column":15},"end":{"line":11,"column":29}},"type":"binary-expr","locations":[{"start":{"line":11,"column":15},"end":{"line":11,"column":23}},{"start":{"line":11,"column":27},"end":{"line":11,"column":29}}],"line":11},"2":{"loc":{"start":{"line":15,"column":15},"end":{"line":15,"column":29}},"type":"binary-expr","locations":[{"start":{"line":15,"column":15},"end":{"line":15,"column":23}},{"start":{"line":15,"column":27},"end":{"line":15,"column":29}}],"line":15}},"s":{"0":0,"1":0,"2":2,"3":0,"4":0,"5":0},"f":{"0":0,"1":2,"2":0},"b":{"0":[0,0],"1":[0,0],"2":[0,0]},"_coverageSchema":"1a1c01bbd47fc00a2c39e90264f33305004495a9","hash":"a0512da37e7d3babfc9a18b2f82968109fbfcb27"}
,"/Users/joseluis.gonzalez/Documents/dev/cops/cop-module-federation/src/middlewares/services/dataServices.js": {"path":"/Users/joseluis.gonzalez/Documents/dev/cops/cop-module-federation/src/middlewares/services/dataServices.js","statementMap":{},"fnMap":{},"branchMap":{},"s":{},"f":{},"b":{},"_coverageSchema":"1a1c01bbd47fc00a2c39e90264f33305004495a9","hash":"60d31410b560f135b591104adabd284c366e501e"}
,"/Users/joseluis.gonzalez/Documents/dev/cops/cop-module-federation/src/middlewares/services/localStorageService.js": {"path":"/Users/joseluis.gonzalez/Documents/dev/cops/cop-module-federation/src/middlewares/services/localStorageService.js","statementMap":{"0":{"start":{"line":3,"column":20},"end":{"line":3,"column":30}},"1":{"start":{"line":4,"column":21},"end":{"line":7,"column":9}},"2":{"start":{"line":8,"column":8},"end":{"line":8,"column":59}},"3":{"start":{"line":11,"column":25},"end":{"line":11,"column":52}},"4":{"start":{"line":12,"column":8},"end":{"line":12,"column":40}},"5":{"start":{"line":12,"column":27},"end":{"line":12,"column":38}},"6":{"start":{"line":13,"column":21},"end":{"line":13,"column":43}},"7":{"start":{"line":14,"column":20},"end":{"line":14,"column":30}},"8":{"start":{"line":16,"column":8},"end":{"line":19,"column":9}},"9":{"start":{"line":17,"column":12},"end":{"line":17,"column":42}},"10":{"start":{"line":18,"column":12},"end":{"line":18,"column":23}},"11":{"start":{"line":20,"column":8},"end":{"line":20,"column":25}}},"fnMap":{"0":{"name":"(anonymous_0)","decl":{"start":{"line":2,"column":24},"end":{"line":2,"column":25}},"loc":{"start":{"line":2,"column":60},"end":{"line":9,"column":5}},"line":2},"1":{"name":"(anonymous_1)","decl":{"start":{"line":10,"column":26},"end":{"line":10,"column":27}},"loc":{"start":{"line":10,"column":37},"end":{"line":21,"column":5}},"line":10}},"branchMap":{"0":{"loc":{"start":{"line":2,"column":38},"end":{"line":2,"column":54}},"type":"default-arg","locations":[{"start":{"line":2,"column":47},"end":{"line":2,"column":54}}],"line":2},"1":{"loc":{"start":{"line":12,"column":8},"end":{"line":12,"column":40}},"type":"if","locations":[{"start":{"line":12,"column":8},"end":{"line":12,"column":40}},{"start":{},"end":{}}],"line":12},"2":{"loc":{"start":{"line":16,"column":8},"end":{"line":19,"column":9}},"type":"if","locations":[{"start":{"line":16,"column":8},"end":{"line":19,"column":9}},{"start":{},"end":{}}],"line":16}},"s":{"0":0,"1":0,"2":0,"3":5,"4":5,"5":5,"6":0,"7":0,"8":0,"9":0,"10":0,"11":0},"f":{"0":0,"1":5},"b":{"0":[0],"1":[5,0],"2":[0,0]},"_coverageSchema":"1a1c01bbd47fc00a2c39e90264f33305004495a9","hash":"71a0108e6e0d0611c696579e73400ab773458716"}
,"/Users/joseluis.gonzalez/Documents/dev/cops/cop-module-federation/src/pages/ListOfProducts.js": {"path":"/Users/joseluis.gonzalez/Documents/dev/cops/cop-module-federation/src/pages/ListOfProducts.js","statementMap":{"0":{"start":{"line":9,"column":23},"end":{"line":69,"column":1}},"1":{"start":{"line":10,"column":25},"end":{"line":10,"column":43}},"2":{"start":{"line":11,"column":32},"end":{"line":11,"column":56}},"3":{"start":{"line":13,"column":34},"end":{"line":13,"column":48}},"4":{"start":{"line":14,"column":52},"end":{"line":14,"column":66}},"5":{"start":{"line":16,"column":4},"end":{"line":25,"column":11}},"6":{"start":{"line":17,"column":8},"end":{"line":24,"column":13}},"7":{"start":{"line":18,"column":12},"end":{"line":23,"column":15}},"8":{"start":{"line":27,"column":4},"end":{"line":32,"column":28}},"9":{"start":{"line":28,"column":8},"end":{"line":31,"column":9}},"10":{"start":{"line":29,"column":34},"end":{"line":29,"column":77}},"11":{"start":{"line":30,"column":27},"end":{"line":30,"column":70}},"12":{"start":{"line":34,"column":25},"end":{"line":39,"column":5}},"13":{"start":{"line":35,"column":8},"end":{"line":38,"column":38}},"14":{"start":{"line":38,"column":26},"end":{"line":38,"column":34}},"15":{"start":{"line":41,"column":23},"end":{"line":46,"column":5}},"16":{"start":{"line":42,"column":23},"end":{"line":44,"column":11}},"17":{"start":{"line":43,"column":12},"end":{"line":43,"column":131}},"18":{"start":{"line":45,"column":8},"end":{"line":45,"column":21}},"19":{"start":{"line":48,"column":4},"end":{"line":54,"column":5}},"20":{"start":{"line":49,"column":8},"end":{"line":53,"column":9}},"21":{"start":{"line":56,"column":4},"end":{"line":68,"column":5}}},"fnMap":{"0":{"name":"(anonymous_0)","decl":{"start":{"line":9,"column":23},"end":{"line":9,"column":24}},"loc":{"start":{"line":9,"column":29},"end":{"line":69,"column":1}},"line":9},"1":{"name":"(anonymous_1)","decl":{"start":{"line":16,"column":15},"end":{"line":16,"column":16}},"loc":{"start":{"line":16,"column":21},"end":{"line":25,"column":5}},"line":16},"2":{"name":"(anonymous_2)","decl":{"start":{"line":17,"column":10},"end":{"line":17,"column":11}},"loc":{"start":{"line":17,"column":22},"end":{"line":24,"column":9}},"line":17},"3":{"name":"(anonymous_3)","decl":{"start":{"line":27,"column":15},"end":{"line":27,"column":16}},"loc":{"start":{"line":27,"column":21},"end":{"line":32,"column":5}},"line":27},"4":{"name":"(anonymous_4)","decl":{"start":{"line":29,"column":29},"end":{"line":29,"column":30}},"loc":{"start":{"line":29,"column":34},"end":{"line":29,"column":77}},"line":29},"5":{"name":"(anonymous_5)","decl":{"start":{"line":30,"column":22},"end":{"line":30,"column":23}},"loc":{"start":{"line":30,"column":27},"end":{"line":30,"column":70}},"line":30},"6":{"name":"(anonymous_6)","decl":{"start":{"line":34,"column":25},"end":{"line":34,"column":26}},"loc":{"start":{"line":34,"column":39},"end":{"line":39,"column":5}},"line":34},"7":{"name":"(anonymous_7)","decl":{"start":{"line":38,"column":21},"end":{"line":38,"column":22}},"loc":{"start":{"line":38,"column":26},"end":{"line":38,"column":34}},"line":38},"8":{"name":"(anonymous_8)","decl":{"start":{"line":41,"column":23},"end":{"line":41,"column":24}},"loc":{"start":{"line":41,"column":38},"end":{"line":46,"column":5}},"line":41},"9":{"name":"(anonymous_9)","decl":{"start":{"line":42,"column":55},"end":{"line":42,"column":56}},"loc":{"start":{"line":42,"column":60},"end":{"line":44,"column":9}},"line":42}},"branchMap":{"0":{"loc":{"start":{"line":29,"column":34},"end":{"line":29,"column":77}},"type":"cond-expr","locations":[{"start":{"line":29,"column":55},"end":{"line":29,"column":70}},{"start":{"line":29,"column":73},"end":{"line":29,"column":77}}],"line":29},"1":{"loc":{"start":{"line":43,"column":19},"end":{"line":43,"column":131}},"type":"cond-expr","locations":[{"start":{"line":43,"column":23},"end":{"line":43,"column":123}},{"start":{"line":43,"column":126},"end":{"line":43,"column":131}}],"line":43},"2":{"loc":{"start":{"line":43,"column":23},"end":{"line":43,"column":123}},"type":"binary-expr","locations":[{"start":{"line":43,"column":23},"end":{"line":43,"column":71}},{"start":{"line":43,"column":75},"end":{"line":43,"column":123}}],"line":43},"3":{"loc":{"start":{"line":48,"column":4},"end":{"line":54,"column":5}},"type":"if","locations":[{"start":{"line":48,"column":4},"end":{"line":54,"column":5}},{"start":{},"end":{}}],"line":48},"4":{"loc":{"start":{"line":48,"column":9},"end":{"line":48,"column":76}},"type":"binary-expr","locations":[{"start":{"line":48,"column":9},"end":{"line":48,"column":25}},{"start":{"line":48,"column":31},"end":{"line":48,"column":55}},{"start":{"line":48,"column":59},"end":{"line":48,"column":74}}],"line":48},"5":{"loc":{"start":{"line":59,"column":13},"end":{"line":65,"column":22}},"type":"cond-expr","locations":[{"start":{"line":60,"column":18},"end":{"line":62,"column":21}},{"start":{"line":63,"column":18},"end":{"line":65,"column":22}}],"line":59}},"s":{"0":4,"1":5,"2":5,"3":5,"4":5,"5":5,"6":2,"7":2,"8":5,"9":2,"10":0,"11":0,"12":5,"13":0,"14":0,"15":5,"16":0,"17":0,"18":0,"19":5,"20":5,"21":0},"f":{"0":5,"1":2,"2":2,"3":2,"4":0,"5":0,"6":0,"7":0,"8":0,"9":0},"b":{"0":[0,0],"1":[0,0],"2":[0,0],"3":[5,0],"4":[5,0,0],"5":[0,0]},"_coverageSchema":"1a1c01bbd47fc00a2c39e90264f33305004495a9","hash":"9f6e7ee779aa2b46f4405b85997382b8e65a3253"}
,"/Users/joseluis.gonzalez/Documents/dev/cops/cop-module-federation/src/pages/ProductDetails.js": {"path":"/Users/joseluis.gonzalez/Documents/dev/cops/cop-module-federation/src/pages/ProductDetails.js","statementMap":{"0":{"start":{"line":13,"column":23},"end":{"line":140,"column":1}},"1":{"start":{"line":14,"column":38},"end":{"line":14,"column":54}},"2":{"start":{"line":15,"column":26},"end":{"line":15,"column":37}},"3":{"start":{"line":16,"column":24},"end":{"line":16,"column":42}},"4":{"start":{"line":17,"column":32},"end":{"line":17,"column":56}},"5":{"start":{"line":19,"column":39},"end":{"line":19,"column":58}},"6":{"start":{"line":21,"column":4},"end":{"line":44,"column":20}},"7":{"start":{"line":22,"column":8},"end":{"line":38,"column":13}},"8":{"start":{"line":23,"column":12},"end":{"line":37,"column":13}},"9":{"start":{"line":24,"column":35},"end":{"line":24,"column":83}},"10":{"start":{"line":26,"column":16},"end":{"line":29,"column":17}},"11":{"start":{"line":27,"column":20},"end":{"line":27,"column":41}},"12":{"start":{"line":28,"column":20},"end":{"line":28,"column":26}},"13":{"start":{"line":31,"column":16},"end":{"line":36,"column":19}},"14":{"start":{"line":40,"column":8},"end":{"line":43,"column":11}},"15":{"start":{"line":46,"column":28},"end":{"line":56,"column":5}},"16":{"start":{"line":47,"column":8},"end":{"line":47,"column":26}},"17":{"start":{"line":48,"column":8},"end":{"line":48,"column":74}},"18":{"start":{"line":48,"column":66},"end":{"line":48,"column":72}},"19":{"start":{"line":50,"column":8},"end":{"line":55,"column":11}},"20":{"start":{"line":58,"column":4},"end":{"line":64,"column":5}},"21":{"start":{"line":59,"column":8},"end":{"line":63,"column":9}},"22":{"start":{"line":66,"column":4},"end":{"line":139,"column":5}},"23":{"start":{"line":131,"column":39},"end":{"line":131,"column":59}}},"fnMap":{"0":{"name":"(anonymous_0)","decl":{"start":{"line":13,"column":23},"end":{"line":13,"column":24}},"loc":{"start":{"line":13,"column":29},"end":{"line":140,"column":1}},"line":13},"1":{"name":"(anonymous_1)","decl":{"start":{"line":21,"column":15},"end":{"line":21,"column":16}},"loc":{"start":{"line":21,"column":21},"end":{"line":44,"column":5}},"line":21},"2":{"name":"(anonymous_2)","decl":{"start":{"line":22,"column":10},"end":{"line":22,"column":11}},"loc":{"start":{"line":22,"column":22},"end":{"line":38,"column":9}},"line":22},"3":{"name":"(anonymous_3)","decl":{"start":{"line":46,"column":28},"end":{"line":46,"column":29}},"loc":{"start":{"line":46,"column":43},"end":{"line":56,"column":5}},"line":46},"4":{"name":"(anonymous_4)","decl":{"start":{"line":131,"column":34},"end":{"line":131,"column":35}},"loc":{"start":{"line":131,"column":39},"end":{"line":131,"column":59}},"line":131}},"branchMap":{"0":{"loc":{"start":{"line":23,"column":12},"end":{"line":37,"column":13}},"type":"if","locations":[{"start":{"line":23,"column":12},"end":{"line":37,"column":13}},{"start":{},"end":{}}],"line":23},"1":{"loc":{"start":{"line":26,"column":16},"end":{"line":29,"column":17}},"type":"if","locations":[{"start":{"line":26,"column":16},"end":{"line":29,"column":17}},{"start":{},"end":{}}],"line":26},"2":{"loc":{"start":{"line":48,"column":8},"end":{"line":48,"column":74}},"type":"if","locations":[{"start":{"line":48,"column":8},"end":{"line":48,"column":74}},{"start":{},"end":{}}],"line":48},"3":{"loc":{"start":{"line":58,"column":4},"end":{"line":64,"column":5}},"type":"if","locations":[{"start":{"line":58,"column":4},"end":{"line":64,"column":5}},{"start":{},"end":{}}],"line":58},"4":{"loc":{"start":{"line":58,"column":9},"end":{"line":58,"column":45}},"type":"binary-expr","locations":[{"start":{"line":58,"column":9},"end":{"line":58,"column":17}},{"start":{"line":58,"column":21},"end":{"line":58,"column":45}}],"line":58},"5":{"loc":{"start":{"line":61,"column":17},"end":{"line":61,"column":71}},"type":"cond-expr","locations":[{"start":{"line":61,"column":29},"end":{"line":61,"column":38}},{"start":{"line":61,"column":41},"end":{"line":61,"column":71}}],"line":61},"6":{"loc":{"start":{"line":114,"column":25},"end":{"line":116,"column":39}},"type":"cond-expr","locations":[{"start":{"line":115,"column":30},"end":{"line":115,"column":140}},{"start":{"line":116,"column":30},"end":{"line":116,"column":39}}],"line":114},"7":{"loc":{"start":{"line":119,"column":25},"end":{"line":121,"column":39}},"type":"cond-expr","locations":[{"start":{"line":120,"column":30},"end":{"line":120,"column":148}},{"start":{"line":121,"column":30},"end":{"line":121,"column":39}}],"line":119},"8":{"loc":{"start":{"line":132,"column":35},"end":{"line":132,"column":101}},"type":"binary-expr","locations":[{"start":{"line":132,"column":35},"end":{"line":132,"column":83}},{"start":{"line":132,"column":87},"end":{"line":132,"column":101}}],"line":132}},"s":{"0":4,"1":2,"2":2,"3":2,"4":2,"5":2,"6":2,"7":1,"8":1,"9":0,"10":0,"11":0,"12":0,"13":0,"14":1,"15":2,"16":0,"17":0,"18":0,"19":0,"20":2,"21":2,"22":0,"23":0},"f":{"0":2,"1":1,"2":1,"3":0,"4":0},"b":{"0":[0,1],"1":[0,0],"2":[0,0],"3":[2,0],"4":[2,0],"5":[2,0],"6":[0,0],"7":[0,0],"8":[0,0]},"_coverageSchema":"1a1c01bbd47fc00a2c39e90264f33305004495a9","hash":"c9666251e0bde3b8f6f0816df8d74016f1c62119"}
}
