TN:
SF:src/App.js
FN:11,(anonymous_0)
FN:19,(anonymous_1)
FNF:2
FNH:2
FNDA:1,(anonymous_0)
FNDA:2,(anonymous_1)
DA:11,1
DA:12,1
DA:20,2
LF:3
LH:3
BRF:0
BRH:0
end_of_record
TN:
SF:src/apiConfig.js
FNF:0
FNH:0
LF:0
LH:0
BRF:0
BRH:0
end_of_record
TN:
SF:src/routes.js
FN:4,(anonymous_0)
FNF:1
FNH:0
FNDA:0,(anonymous_0)
DA:4,3
LF:1
LH:1
BRF:0
BRH:0
end_of_record
TN:
SF:src/components/GlobalContext.js
FN:9,(anonymous_0)
FN:16,(anonymous_1)
FN:45,(anonymous_2)
FN:49,(anonymous_3)
FN:53,(anonymous_4)
FNF:5
FNH:5
FNDA:10,(anonymous_0)
FNDA:6,(anonymous_1)
FNDA:21,(anonymous_2)
FNDA:13,(anonymous_3)
FNDA:10,(anonymous_4)
DA:3,7
DA:9,7
DA:10,10
DA:16,10
DA:17,6
DA:19,6
DA:25,0
DA:31,0
DA:37,0
DA:42,7
DA:43,7
DA:45,7
DA:46,21
DA:49,7
DA:50,13
DA:53,7
DA:54,10
DA:56,10
LF:18
LH:15
BRDA:17,0,0,6
BRDA:17,0,1,0
BRDA:17,0,2,0
BRDA:17,0,3,0
BRF:4
BRH:1
end_of_record
TN:
SF:src/components/ColorSelector/ColorSelector.js
FN:5,(anonymous_0)
FN:6,(anonymous_1)
FN:12,(anonymous_2)
FN:17,(anonymous_3)
FN:26,(anonymous_4)
FN:30,(anonymous_5)
FNF:6
FNH:6
FNDA:3,(anonymous_0)
FNDA:3,(anonymous_1)
FNDA:1,(anonymous_2)
FNDA:3,(anonymous_3)
FNDA:4,(anonymous_4)
FNDA:1,(anonymous_5)
DA:5,5
DA:6,3
DA:7,3
DA:8,2
DA:12,3
DA:13,1
DA:14,1
DA:17,3
DA:18,3
DA:24,3
DA:27,4
DA:30,1
LF:12
LH:12
BRDA:7,0,0,2
BRDA:7,0,1,1
BRDA:13,1,0,1
BRDA:13,1,1,0
BRDA:27,2,0,0
BRDA:27,2,1,4
BRF:6
BRH:4
end_of_record
TN:
SF:src/components/Header/Header.js
FN:6,(anonymous_0)
FNF:1
FNH:1
FNDA:2,(anonymous_0)
DA:6,2
DA:7,2
LF:2
LH:2
BRF:0
BRH:0
end_of_record
TN:
SF:src/components/Header/Breadcrumbs/Breadcrumbs.js
FN:8,(anonymous_0)
FN:13,(anonymous_1)
FN:14,(anonymous_2)
FN:33,(anonymous_3)
FNF:4
FNH:4
FNDA:8,(anonymous_0)
FNDA:3,(anonymous_1)
FNDA:3,(anonymous_2)
FNDA:5,(anonymous_3)
DA:8,3
DA:9,8
DA:10,8
DA:11,8
DA:13,8
DA:14,3
DA:15,3
DA:16,3
DA:17,0
DA:18,0
DA:19,0
DA:23,3
DA:30,8
DA:34,5
LF:14
LH:11
BRDA:16,0,0,0
BRDA:16,0,1,3
BRDA:18,1,0,0
BRDA:18,1,1,0
BRDA:18,2,0,0
BRDA:18,2,1,0
BRDA:32,3,0,8
BRDA:32,3,1,0
BRDA:34,4,0,5
BRDA:34,4,1,0
BRF:10
BRH:3
end_of_record
TN:
SF:src/components/Header/Cart/Cart.js
FN:7,(anonymous_0)
FN:11,(anonymous_1)
FN:12,(anonymous_2)
FN:23,(anonymous_3)
FNF:4
FNH:3
FNDA:6,(anonymous_0)
FNDA:3,(anonymous_1)
FNDA:3,(anonymous_2)
FNDA:0,(anonymous_3)
DA:7,3
DA:8,6
DA:9,6
DA:11,6
DA:12,3
DA:13,3
DA:22,6
DA:23,0
LF:8
LH:7
BRF:0
BRH:0
end_of_record
TN:
SF:src/components/Header/Logo/Logo.js
FN:5,(anonymous_0)
FNF:1
FNH:1
FNDA:3,(anonymous_0)
DA:5,3
DA:6,3
LF:2
LH:2
BRF:0
BRH:0
end_of_record
TN:
SF:src/components/Item/Item.js
FN:5,(anonymous_0)
FNF:1
FNH:1
FNDA:1,(anonymous_0)
DA:5,5
DA:6,1
LF:2
LH:2
BRF:0
BRH:0
end_of_record
TN:
SF:src/components/Loader/Loader.js
FN:4,(anonymous_0)
FNF:1
FNH:1
FNDA:7,(anonymous_0)
DA:4,5
DA:5,7
LF:2
LH:2
BRF:0
BRH:0
end_of_record
TN:
SF:src/components/Price/Price.js
FN:4,(anonymous_0)
FNF:1
FNH:1
FNDA:2,(anonymous_0)
DA:4,7
DA:5,2
LF:2
LH:2
BRDA:8,0,0,2
BRDA:8,0,1,0
BRF:2
BRH:1
end_of_record
TN:
SF:src/components/Search/Search.js
FN:3,(anonymous_0)
FN:6,(anonymous_1)
FNF:2
FNH:2
FNDA:2,(anonymous_0)
FNDA:1,(anonymous_1)
DA:3,5
DA:4,2
DA:6,1
LF:3
LH:3
BRF:0
BRH:0
end_of_record
TN:
SF:src/components/StorageSelector/StorageSelector.js
FN:5,(anonymous_0)
FN:6,(anonymous_1)
FN:12,(anonymous_2)
FN:17,(anonymous_3)
FN:26,(anonymous_4)
FN:29,(anonymous_5)
FNF:6
FNH:6
FNDA:3,(anonymous_0)
FNDA:3,(anonymous_1)
FNDA:1,(anonymous_2)
FNDA:3,(anonymous_3)
FNDA:4,(anonymous_4)
FNDA:1,(anonymous_5)
DA:5,5
DA:6,3
DA:7,3
DA:8,2
DA:12,3
DA:13,1
DA:14,1
DA:17,3
DA:18,3
DA:24,3
DA:27,4
DA:29,1
LF:12
LH:12
BRDA:7,0,0,2
BRDA:7,0,1,1
BRDA:13,1,0,1
BRDA:13,1,1,0
BRDA:27,2,0,0
BRDA:27,2,1,4
BRF:6
BRH:4
end_of_record
TN:
SF:src/hooks/useProductOptions.js
FN:9,(anonymous_0)
FN:16,(anonymous_1)
FNF:2
FNH:2
FNDA:2,(anonymous_0)
FNDA:2,(anonymous_1)
DA:3,6
DA:9,6
DA:10,2
DA:16,2
DA:17,2
DA:19,2
DA:25,0
DA:31,0
DA:37,0
LF:9
LH:6
BRDA:17,0,0,2
BRDA:17,0,1,0
BRDA:17,0,2,0
BRDA:17,0,3,0
BRF:4
BRH:1
end_of_record
TN:
SF:src/middlewares/dataController.js
FN:11,(anonymous_0)
FN:26,(anonymous_1)
FN:41,(anonymous_2)
FN:51,(anonymous_3)
FNF:4
FNH:2
FNDA:2,(anonymous_0)
FNDA:0,(anonymous_1)
FNDA:0,(anonymous_2)
FNDA:3,(anonymous_3)
DA:5,6
DA:11,6
DA:12,2
DA:13,2
DA:14,2
DA:15,2
DA:16,2
DA:18,0
DA:19,0
DA:21,0
DA:23,0
DA:26,6
DA:27,0
DA:28,0
DA:29,0
DA:30,0
DA:31,0
DA:33,0
DA:34,0
DA:36,0
DA:38,0
DA:41,6
DA:42,0
DA:43,0
DA:44,0
DA:46,0
DA:48,0
DA:51,6
DA:52,3
LF:29
LH:11
BRDA:12,0,0,2
BRDA:12,0,1,2
BRDA:13,1,0,2
BRDA:13,1,1,0
BRDA:28,2,0,0
BRDA:28,2,1,0
BRDA:28,3,0,0
BRDA:28,3,1,0
BRDA:52,4,0,3
BRDA:52,4,1,3
BRF:10
BRH:5
end_of_record
TN:
SF:src/middlewares/services/axiosService.js
FN:5,(anonymous_0)
FN:9,(anonymous_1)
FN:13,(anonymous_2)
FNF:3
FNH:1
FNDA:0,(anonymous_0)
FNDA:2,(anonymous_1)
FNDA:0,(anonymous_2)
DA:6,0
DA:7,0
DA:10,2
DA:11,0
DA:14,0
DA:15,0
LF:6
LH:1
BRDA:7,0,0,0
BRDA:7,0,1,0
BRDA:11,1,0,0
BRDA:11,1,1,0
BRDA:15,2,0,0
BRDA:15,2,1,0
BRF:6
BRH:0
end_of_record
TN:
SF:src/middlewares/services/dataServices.js
FNF:0
FNH:0
LF:0
LH:0
BRF:0
BRH:0
end_of_record
TN:
SF:src/middlewares/services/localStorageService.js
FN:2,(anonymous_0)
FN:10,(anonymous_1)
FNF:2
FNH:1
FNDA:0,(anonymous_0)
FNDA:5,(anonymous_1)
DA:3,0
DA:4,0
DA:8,0
DA:11,5
DA:12,5
DA:13,0
DA:14,0
DA:16,0
DA:17,0
DA:18,0
DA:20,0
LF:11
LH:2
BRDA:2,0,0,0
BRDA:12,1,0,5
BRDA:12,1,1,0
BRDA:16,2,0,0
BRDA:16,2,1,0
BRF:5
BRH:1
end_of_record
TN:
SF:src/pages/ListOfProducts.js
FN:9,(anonymous_0)
FN:16,(anonymous_1)
FN:17,(anonymous_2)
FN:27,(anonymous_3)
FN:29,(anonymous_4)
FN:30,(anonymous_5)
FN:34,(anonymous_6)
FN:38,(anonymous_7)
FN:41,(anonymous_8)
FN:42,(anonymous_9)
FNF:10
FNH:4
FNDA:5,(anonymous_0)
FNDA:2,(anonymous_1)
FNDA:2,(anonymous_2)
FNDA:2,(anonymous_3)
FNDA:0,(anonymous_4)
FNDA:0,(anonymous_5)
FNDA:0,(anonymous_6)
FNDA:0,(anonymous_7)
FNDA:0,(anonymous_8)
FNDA:0,(anonymous_9)
DA:9,4
DA:10,5
DA:11,5
DA:13,5
DA:14,5
DA:16,5
DA:17,2
DA:18,2
DA:27,5
DA:28,2
DA:29,0
DA:30,0
DA:34,5
DA:35,0
DA:38,0
DA:41,5
DA:42,0
DA:43,0
DA:45,0
DA:48,5
DA:49,5
DA:56,0
LF:22
LH:14
BRDA:29,0,0,0
BRDA:29,0,1,0
BRDA:43,1,0,0
BRDA:43,1,1,0
BRDA:43,2,0,0
BRDA:43,2,1,0
BRDA:48,3,0,5
BRDA:48,3,1,0
BRDA:48,4,0,5
BRDA:48,4,1,0
BRDA:48,4,2,0
BRDA:59,5,0,0
BRDA:59,5,1,0
BRF:13
BRH:2
end_of_record
TN:
SF:src/pages/ProductDetails.js
FN:13,(anonymous_0)
FN:21,(anonymous_1)
FN:22,(anonymous_2)
FN:46,(anonymous_3)
FN:131,(anonymous_4)
FNF:5
FNH:3
FNDA:2,(anonymous_0)
FNDA:1,(anonymous_1)
FNDA:1,(anonymous_2)
FNDA:0,(anonymous_3)
FNDA:0,(anonymous_4)
DA:13,4
DA:14,2
DA:15,2
DA:16,2
DA:17,2
DA:19,2
DA:21,2
DA:22,1
DA:23,1
DA:24,0
DA:26,0
DA:27,0
DA:28,0
DA:31,0
DA:40,1
DA:46,2
DA:47,0
DA:48,0
DA:50,0
DA:58,2
DA:59,2
DA:66,0
DA:131,0
LF:23
LH:13
BRDA:23,0,0,0
BRDA:23,0,1,1
BRDA:26,1,0,0
BRDA:26,1,1,0
BRDA:48,2,0,0
BRDA:48,2,1,0
BRDA:58,3,0,2
BRDA:58,3,1,0
BRDA:58,4,0,2
BRDA:58,4,1,0
BRDA:61,5,0,2
BRDA:61,5,1,0
BRDA:114,6,0,0
BRDA:114,6,1,0
BRDA:119,7,0,0
BRDA:119,7,1,0
BRDA:132,8,0,0
BRDA:132,8,1,0
BRF:18
BRH:4
end_of_record
